<?xml version="1.0" encoding="UTF-8"?>
<!-- Generated by org.testng.reporters.JUnitXMLReporter -->
<testsuite ignored="0" hostname="MAA-5CG0263GC5" failures="0" tests="3" name="Default test" time="11.923" errors="0" timestamp="2024-02-17T08:53:42 IST">
  <testcase classname="api.test.DDTests" name="testPostuser" time="4.435"/>
  <testcase classname="api.test.DDTests" name="testPostuser" time="1.259"/>
  <testcase classname="api.test.DDTests" name="testPostuser" time="1.258"/>
</testsuite> <!-- Default test -->
