<?xml version="1.0" encoding="UTF-8"?>
<!-- Generated by org.testng.reporters.JUnitXMLReporter -->
<testsuite ignored="0" hostname="MAA-5CG0263GC5" failures="0" tests="4" name="PetTests" time="10.489" errors="0" timestamp="2024-02-17T18:07:16 IST">
  <testcase classname="api.test.UserTests" name="testPostUser" time="4.491"/>
  <testcase classname="api.test.UserTests" name="testGetUserByName" time="1.281"/>
  <testcase classname="api.test.UserTests" name="testUpdateUserByName" time="2.535"/>
  <testcase classname="api.test.UserTests" name="testDeleteUserByName" time="1.3"/>
</testsuite> <!-- PetTests -->
